16:42:43.504 [INFO] [org.gradle.launcher.daemon.server.Daemon] start() called on daemon - DefaultDaemonContext[uid=d5386ed2-4f35-458c-b569-b34f23f1fa00,javaHome=/usr/lib/jvm/java-8-oracle,daemonRegistryDir=/home/mathias/Projects/java/TicTacToe/daemon,pid=5609,idleTimeout=10800000,daemonOpts=-XX:MaxPermSize=256m,-XX:+HeapDumpOnOutOfMemoryError,-Xmx1024m,-Dfile.encoding=UTF-8,-Duser.country=US,-Duser.language=en,-Duser.variant]
16:42:43.543 [DEBUG] [org.gradle.launcher.daemon.server.DaemonStateCoordinator] updating lastActivityAt to 1420990963543
16:42:43.585 [DEBUG] [org.gradle.messaging.remote.internal.inet.InetAddressFactory] Adding IP addresses for network interface eth0
16:42:43.590 [DEBUG] [org.gradle.messaging.remote.internal.inet.InetAddressFactory] Is this a loopback interface? false
16:42:43.598 [DEBUG] [org.gradle.messaging.remote.internal.inet.InetAddressFactory] Is this a multicast interface? true
16:42:43.600 [DEBUG] [org.gradle.messaging.remote.internal.inet.InetAddressFactory] Adding remote address /fe80:0:0:0:20c:29ff:feec:3972%eth0
16:42:43.601 [DEBUG] [org.gradle.messaging.remote.internal.inet.InetAddressFactory] Adding remote address /192.168.81.128
16:42:43.604 [DEBUG] [org.gradle.messaging.remote.internal.inet.InetAddressFactory] Adding remote multicast interface eth0
16:42:43.605 [DEBUG] [org.gradle.messaging.remote.internal.inet.InetAddressFactory] Adding IP addresses for network interface lo
16:42:43.606 [DEBUG] [org.gradle.messaging.remote.internal.inet.InetAddressFactory] Is this a loopback interface? true
16:42:43.607 [DEBUG] [org.gradle.messaging.remote.internal.inet.InetAddressFactory] Is this a multicast interface? false
16:42:43.608 [DEBUG] [org.gradle.messaging.remote.internal.inet.InetAddressFactory] Adding loopback address /0:0:0:0:0:0:0:1%lo
16:42:43.609 [DEBUG] [org.gradle.messaging.remote.internal.inet.InetAddressFactory] Adding loopback address /127.0.0.1
16:42:43.620 [DEBUG] [org.gradle.messaging.remote.internal.inet.TcpIncomingConnector] Listening on [9e4f5842-7912-4d58-ad0e-2e9b0f3f3dfd port:46189, addresses:[/0:0:0:0:0:0:0:1%lo, /127.0.0.1]].
16:42:43.630 [DEBUG] [org.gradle.launcher.daemon.server.Daemon] Daemon starting at: Sun Jan 11 16:42:43 CET 2015, with address: [9e4f5842-7912-4d58-ad0e-2e9b0f3f3dfd port:46189, addresses:[/0:0:0:0:0:0:0:1%lo, /127.0.0.1]]
16:42:43.636 [INFO] [org.gradle.launcher.daemon.server.DomainRegistryUpdater] Advertising the daemon address to the clients: [9e4f5842-7912-4d58-ad0e-2e9b0f3f3dfd port:46189, addresses:[/0:0:0:0:0:0:0:1%lo, /127.0.0.1]]
16:42:43.647 [DEBUG] [org.gradle.launcher.daemon.server.DomainRegistryUpdater] Advertised daemon context: DefaultDaemonContext[uid=d5386ed2-4f35-458c-b569-b34f23f1fa00,javaHome=/usr/lib/jvm/java-8-oracle,daemonRegistryDir=/home/mathias/Projects/java/TicTacToe/daemon,pid=5609,idleTimeout=10800000,daemonOpts=-XX:MaxPermSize=256m,-XX:+HeapDumpOnOutOfMemoryError,-Xmx1024m,-Dfile.encoding=UTF-8,-Duser.country=US,-Duser.language=en,-Duser.variant]
16:42:43.650 [DEBUG] [org.gradle.launcher.daemon.registry.PersistentDaemonRegistry] Storing daemon address: [9e4f5842-7912-4d58-ad0e-2e9b0f3f3dfd port:46189, addresses:[/0:0:0:0:0:0:0:1%lo, /127.0.0.1]], context: DefaultDaemonContext[uid=d5386ed2-4f35-458c-b569-b34f23f1fa00,javaHome=/usr/lib/jvm/java-8-oracle,daemonRegistryDir=/home/mathias/Projects/java/TicTacToe/daemon,pid=5609,idleTimeout=10800000,daemonOpts=-XX:MaxPermSize=256m,-XX:+HeapDumpOnOutOfMemoryError,-Xmx1024m,-Dfile.encoding=UTF-8,-Duser.country=US,-Duser.language=en,-Duser.variant]
16:42:43.677 [DEBUG] [org.gradle.cache.internal.DefaultFileLockManager] Waiting to acquire exclusive lock on daemon addresses registry.
16:42:43.689 [DEBUG] [org.gradle.cache.internal.DefaultFileLockManager] Lock acquired.
16:42:43.763 [DEBUG] [org.gradle.cache.internal.DefaultFileLockManager] Releasing lock on daemon addresses registry.
16:42:43.766 [LIFECYCLE] [org.gradle.launcher.daemon.server.Daemon] Daemon server started.
16:42:43.774 [DEBUG] [org.gradle.launcher.daemon.bootstrap.DaemonStartupCommunication] Completed writing the daemon greeting. Closing streams...
16:42:43.782 [DEBUG] [org.gradle.launcher.daemon.server.Daemon] requestStopOnIdleTimeout(10800000 MILLISECONDS) called on daemon
16:42:43.784 [DEBUG] [org.gradle.launcher.daemon.server.DaemonStateCoordinator] Idle timeout: waiting for daemon to stop or be idle for 10800000ms
16:42:43.798 [DEBUG] [org.gradle.launcher.daemon.server.DaemonStateCoordinator] Daemon is idle, sleeping until state change or idle timeout at Sun Jan 11 19:42:43 CET 2015
16:42:43.859 [DEBUG] [org.gradle.messaging.remote.internal.inet.TcpIncomingConnector] Accepted connection from /127.0.0.1:47126 to /127.0.0.1:46189.
16:42:44.144 [DEBUG] [org.gradle.launcher.daemon.server.SynchronizedDispatchConnection] thread 14: received class org.gradle.launcher.daemon.protocol.Build
16:42:44.204 [DEBUG] [org.gradle.launcher.daemon.server.DefaultDaemonConnection] Received non-IO message from client: Build{id=f44f9c2c-4768-4646-98cc-2a6c0ca72d50.1, currentDir=/home/mathias/IdeaProjects/TicTacToe2}
16:42:44.211 [INFO] [org.gradle.launcher.daemon.server.DefaultIncomingConnectionHandler] Received command: Build{id=f44f9c2c-4768-4646-98cc-2a6c0ca72d50.1, currentDir=/home/mathias/IdeaProjects/TicTacToe2}.
16:42:44.212 [DEBUG] [org.gradle.launcher.daemon.server.DefaultIncomingConnectionHandler] Starting executing command: Build{id=f44f9c2c-4768-4646-98cc-2a6c0ca72d50.1, currentDir=/home/mathias/IdeaProjects/TicTacToe2} with connection: socket connection from /127.0.0.1:46189 to /127.0.0.1:47126.
16:42:44.255 [DEBUG] [org.gradle.launcher.daemon.server.DaemonStateCoordinator] Command execution: started DaemonCommandExecution[command = Build{id=f44f9c2c-4768-4646-98cc-2a6c0ca72d50.1, currentDir=/home/mathias/IdeaProjects/TicTacToe2}, connection = org.gradle.launcher.daemon.server.DefaultDaemonConnection@582417e8] after 0.0 minutes of idle
16:42:44.257 [INFO] [org.gradle.launcher.daemon.server.DomainRegistryUpdater] Marking the daemon as busy, address: [9e4f5842-7912-4d58-ad0e-2e9b0f3f3dfd port:46189, addresses:[/0:0:0:0:0:0:0:1%lo, /127.0.0.1]]
16:42:44.259 [DEBUG] [org.gradle.launcher.daemon.registry.PersistentDaemonRegistry] Marking busy by address: [9e4f5842-7912-4d58-ad0e-2e9b0f3f3dfd port:46189, addresses:[/0:0:0:0:0:0:0:1%lo, /127.0.0.1]]
16:42:44.261 [DEBUG] [org.gradle.cache.internal.DefaultFileLockManager] Waiting to acquire exclusive lock on daemon addresses registry.
16:42:44.262 [DEBUG] [org.gradle.cache.internal.DefaultFileLockManager] Lock acquired.
16:42:44.275 [DEBUG] [org.gradle.cache.internal.DefaultFileLockManager] Releasing lock on daemon addresses registry.
16:42:44.276 [DEBUG] [org.gradle.launcher.daemon.server.DaemonStateCoordinator] updating lastActivityAt to 1420990964276
16:42:44.278 [DEBUG] [org.gradle.launcher.daemon.server.DaemonStateCoordinator] Daemon is busy, sleeping until state changes.
16:42:44.283 [INFO] [org.gradle.launcher.daemon.server.exec.StartBuildOrRespondWithBusy] Daemon is about to start building Build{id=f44f9c2c-4768-4646-98cc-2a6c0ca72d50.1, currentDir=/home/mathias/IdeaProjects/TicTacToe2}. Dispatching build started information...
16:42:44.287 [DEBUG] [org.gradle.launcher.daemon.server.SynchronizedDispatchConnection] thread 16: dispatching class org.gradle.launcher.daemon.protocol.BuildStarted
16:42:44.302 [DEBUG] [org.gradle.launcher.daemon.server.exec.EstablishBuildEnvironment] Configuring env variables: {PATH=/usr/local/sbin:/usr/local/bin:/usr/sbin:/usr/bin:/sbin:/bin:/usr/games:/usr/local/games:$GRADLE_HOME/bin:/usr/lib/jvm/java-8-oracle/bin:/usr/lib/jvm/java-8-oracle/db/bin:/usr/lib/jvm/java-8-oracle/jre/bin, LC_MEASUREMENT=de_DE.UTF-8, XAUTHORITY=/home/mathias/.Xauthority, LC_TELEPHONE=de_DE.UTF-8, XDG_DATA_DIRS=/usr/share/default:/usr/share/gnome:/usr/local/share/:/usr/share/:/usr/share/mdm/, GDMSESSION=default, MANDATORY_PATH=/usr/share/gconf/default.mandatory.path, LC_TIME=de_DE.UTF-8, TEXTDOMAINDIR=/usr/share/locale/, DBUS_SESSION_BUS_ADDRESS=unix:abstract=/tmp/dbus-hFlq5E3GkC,guid=13f4d2ce0e99733511ea104d54b28efd, DEFAULTS_PATH=/usr/share/gconf/default.default.path, XDG_CURRENT_DESKTOP=X-Cinnamon, SSH_AGENT_PID=2290, LD_LIBRARY_PATH=/home/mathias/Programs/intellij/bin:, LC_PAPER=de_DE.UTF-8, SESSION_MANAGER=local/mint-vm:@/tmp/.ICE-unix/2148,unix/mint-vm:/tmp/.ICE-unix/2148, USERNAME=mathias, LOGNAME=mathias, PWD=/home/mathias, DERBY_HOME=/usr/lib/jvm/java-8-oracle/db, GJS_DEBUG_TOPICS=JS ERROR;JS LOG, SHELL=/bin/bash, LC_ADDRESS=de_DE.UTF-8, GIO_LAUNCHED_DESKTOP_FILE=/home/mathias/.local/share/applications/jetbrains-idea-ce.desktop, J2SDKDIR=/usr/lib/jvm/java-8-oracle, GNOME_DESKTOP_SESSION_ID=this-is-deprecated, J2REDIR=/usr/lib/jvm/java-8-oracle/jre, TEXTDOMAIN=im-config, XDG_SESSION_COOKIE=55586f3eed56bd0cf9b1aeab54763d52-1420988156.769861-867606541, MDMSESSION=default, XDG_SESSION_DESKTOP=default, LC_IDENTIFICATION=de_DE.UTF-8, LC_MONETARY=de_DE.UTF-8, JAVA_HOME=/usr/lib/jvm/java-8-oracle, XFILESEARCHPATH=/usr/dt/app-defaults/%L/Dt, XDG_CONFIG_DIRS=/etc/xdg/xdg-default:/etc/xdg, LANG=en_US.UTF-8, GNOME_KEYRING_CONTROL=/run/user/1000/keyring-KdxS7T, XDG_SESSION_ID=c1, GRADLE_HOME=/opt/gradle/gradle-2.2.1, DISPLAY=:0, MDM_LANG=en_US.UTF-8, CINNAMON_VERSION=2.4.5, LC_NAME=de_DE.UTF-8, GDM_XSERVER_LOCATION=local, GPG_AGENT_INFO=/run/user/1000/keyring-KdxS7T/gpg:0:1, DESKTOP_SESSION=default, USER=mathias, CLASSPATH=/home/mathias/Programs/intellij/bin/../lib/bootstrap.jar:/home/mathias/Programs/intellij/bin/../lib/extensions.jar:/home/mathias/Programs/intellij/bin/../lib/util.jar:/home/mathias/Programs/intellij/bin/../lib/jdom.jar:/home/mathias/Programs/intellij/bin/../lib/log4j.jar:/home/mathias/Programs/intellij/bin/../lib/trove4j.jar:/home/mathias/Programs/intellij/bin/../lib/jna.jar:/usr/lib/jvm/java-8-oracle/lib/tools.jar, GIO_LAUNCHED_DESKTOP_FILE_PID=5392, WINDOWPATH=8, LC_NUMERIC=de_DE.UTF-8, GJS_DEBUG_OUTPUT=stderr, MDM_XSERVER_LOCATION=local, SSH_AUTH_SOCK=/run/user/1000/keyring-KdxS7T/ssh, XDG_SEAT=seat0, NLSPATH=/usr/dt/lib/nls/msg/%L/%N.cat, XDG_VTNR=8, XDG_RUNTIME_DIR=/run/user/1000, HOME=/home/mathias, GNOME_KEYRING_PID=2072}
16:42:44.352 [INFO] [org.gradle.launcher.daemon.server.exec.LogToClient] About to start relaying all logs to the client via the connection.
16:42:44.353 [INFO] [org.gradle.launcher.daemon.server.exec.LogToClient] The client will now receive all logging from the daemon (pid: 5609). The daemon log file: /home/mathias/Projects/java/TicTacToe/daemon/2.2.1/daemon-5609.out.log
16:42:44.379 [DEBUG] [org.gradle.launcher.daemon.server.SynchronizedDispatchConnection] thread 14: received class org.gradle.launcher.daemon.protocol.CloseInput
16:42:44.381 [DEBUG] [org.gradle.launcher.daemon.server.DefaultDaemonConnection] Received IO message from client: CloseInput[id=f44f9c2c-4768-4646-98cc-2a6c0ca72d50.2]
16:42:44.382 [INFO] [org.gradle.launcher.daemon.server.exec.ForwardClientInput] Closing daemon's stdin at end of input.
16:42:44.382 [INFO] [org.gradle.launcher.daemon.server.exec.ForwardClientInput] The daemon will no longer process any standard input.
16:42:44.386 [DEBUG] [org.gradle.launcher.daemon.server.exec.ExecuteBuild] The daemon has started executing the build.
16:42:44.387 [INFO] [org.gradle.launcher.daemon.server.exec.ExecuteBuild] Executing build with daemon context: DefaultDaemonContext[uid=d5386ed2-4f35-458c-b569-b34f23f1fa00,javaHome=/usr/lib/jvm/java-8-oracle,daemonRegistryDir=/home/mathias/Projects/java/TicTacToe/daemon,pid=5609,idleTimeout=10800000,daemonOpts=-XX:MaxPermSize=256m,-XX:+HeapDumpOnOutOfMemoryError,-Xmx1024m,-Dfile.encoding=UTF-8,-Duser.country=US,-Duser.language=en,-Duser.variant]
16:42:46.387 [INFO] [org.gradle.tooling.internal.provider.DefaultPayloadClassLoaderRegistry] Creating ClassLoader 6dac9930-2483-4a28-8d28-ab2b2c3357e8 from [Spec classpath:[file:/home/mathias/Programs/intellij/plugins/gradle/lib/gradle-tooling-api-2.1.jar, file:/home/mathias/Programs/intellij/plugins/gradle/lib/guava-jdk5-17.0.jar, file:/home/mathias/Programs/intellij/plugins/gradle/lib/gradle-base-services-2.1.jar, file:/home/mathias/Programs/intellij/plugins/gradle/lib/gradle-tooling-extension-api.jar, file:/home/mathias/Programs/intellij/lib/openapi.jar, file:/home/mathias/Programs/intellij/plugins/android/lib/builder-model-0.14.0.jar]] and [org.gradle.internal.classloader.FilteringClassLoader@664d403b].
16:42:46.391 [DEBUG] [org.gradle.cache.internal.DefaultFileLockManager] Waiting to acquire exclusive lock on jars (/home/mathias/Projects/java/TicTacToe/caches/jars-1).
16:42:46.393 [DEBUG] [org.gradle.cache.internal.DefaultFileLockManager] Lock acquired.
16:42:46.435 [DEBUG] [org.gradle.cache.internal.locklistener.DefaultFileLockContentionHandler] Starting file lock listener thread.

BUILD SUCCESSFUL

Total time: 21.445 secs
16:42:58.803 [DEBUG] [org.gradle.cache.internal.DefaultFileLockManager] Releasing lock on jars (/home/mathias/Projects/java/TicTacToe/caches/jars-1).
16:42:58.809 [DEBUG] [org.gradle.cache.internal.btree.BTreePersistentIndexedCache] Closing cache module-metadata.bin (/home/mathias/Projects/java/TicTacToe/caches/modules-2/metadata-2.14/module-metadata.bin)
16:42:58.810 [DEBUG] [org.gradle.cache.internal.btree.BTreePersistentIndexedCache] Closing cache artifact-at-repository.bin (/home/mathias/Projects/java/TicTacToe/caches/modules-2/metadata-2.14/artifact-at-repository.bin)
16:42:58.811 [DEBUG] [org.gradle.cache.internal.btree.BTreePersistentIndexedCache] Closing cache module-artifacts.bin (/home/mathias/Projects/java/TicTacToe/caches/modules-2/metadata-2.14/module-artifacts.bin)
16:42:58.812 [DEBUG] [org.gradle.cache.internal.DefaultFileLockManager] Releasing lock on artifact cache (/home/mathias/Projects/java/TicTacToe/caches/modules-2).
16:42:58.814 [DEBUG] [org.gradle.cache.internal.DefaultCacheAccess] Cache Plugin Resolution Cache (/home/mathias/Projects/java/TicTacToe/caches/2.2.1/plugin-resolution) was closed 0 times.
16:42:58.815 [DEBUG] [org.gradle.cache.internal.DefaultFileLockManager] Releasing lock on initscript class cache for initialization script '/tmp/ijinit0.gradle' (/home/mathias/Projects/java/TicTacToe/caches/2.2.1/scripts/ijinit0_3nre7zfn226zlcyg02qtci0hy/InitScript/initscript).
16:42:58.816 [DEBUG] [org.gradle.cache.internal.DefaultFileLockManager] Releasing lock on no_initscript class cache for initialization script '/tmp/ijinit0.gradle' (/home/mathias/Projects/java/TicTacToe/caches/2.2.1/scripts/ijinit0_3nre7zfn226zlcyg02qtci0hy/InitScript/no_initscript).
16:42:58.817 [DEBUG] [org.gradle.cache.internal.DefaultFileLockManager] Releasing lock on buildscript class cache for settings file '/home/mathias/IdeaProjects/TicTacToe2/settings.gradle' (/home/mathias/Projects/java/TicTacToe/caches/2.2.1/scripts/settings_6wdc31j4qb3jrzjz2p15hucfa/SettingsScript/buildscript).
16:42:58.818 [DEBUG] [org.gradle.cache.internal.DefaultFileLockManager] Releasing lock on no_buildscript class cache for settings file '/home/mathias/IdeaProjects/TicTacToe2/settings.gradle' (/home/mathias/Projects/java/TicTacToe/caches/2.2.1/scripts/settings_6wdc31j4qb3jrzjz2p15hucfa/SettingsScript/no_buildscript).
16:42:58.819 [DEBUG] [org.gradle.cache.internal.DefaultFileLockManager] Releasing lock on buildscript class cache for build file '/home/mathias/IdeaProjects/TicTacToe2/build.gradle' (/home/mathias/Projects/java/TicTacToe/caches/2.2.1/scripts/build_4hwznhrrf3e1jzpc30jkl9fsk/ProjectScript/buildscript).
16:42:58.820 [DEBUG] [org.gradle.cache.internal.DefaultFileLockManager] Releasing lock on no_buildscript class cache for build file '/home/mathias/IdeaProjects/TicTacToe2/build.gradle' (/home/mathias/Projects/java/TicTacToe/caches/2.2.1/scripts/build_4hwznhrrf3e1jzpc30jkl9fsk/ProjectScript/no_buildscript).
16:42:58.821 [DEBUG] [org.gradle.api.internal.tasks.compile.daemon.CompilerDaemonManager] Stopping 0 compiler daemon(s).
16:42:58.822 [INFO] [org.gradle.api.internal.tasks.compile.daemon.CompilerDaemonManager] Stopped 0 compiler daemon(s).
16:42:58.824 [DEBUG] [org.gradle.api.internal.artifacts.ivyservice.ivyresolve.memcache.InMemoryCachedRepositoryFactory] In-memory dependency metadata cache closed. Repos cached: 26, cache instances: 2, modules served from cache: 42, artifacts: 18
16:42:58.829 [DEBUG] [org.gradle.api.internal.artifacts.ivyservice.resolveengine.store.CachedStoreFactory] Resolution result cache closed. Cache reads: 20, disk reads: 4 (avg: 0.001 secs, total: 0.007 secs)
16:42:58.831 [DEBUG] [org.gradle.api.internal.artifacts.ivyservice.resolveengine.store.CachedStoreFactory] Resolved configuration cache closed. Cache reads: 0, disk reads: 0 (avg: 0.0 secs, total: 0.0 secs)
16:42:58.832 [DEBUG] [org.gradle.api.internal.artifacts.ivyservice.resolveengine.store.ResolutionResultsStoreFactory] Deleted 2 resolution results binary files in 0.004 secs
16:42:58.833 [DEBUG] [org.gradle.launcher.daemon.server.exec.ExecuteBuild] The daemon has finished executing the build.
16:42:59.483 [DEBUG] [org.gradle.launcher.daemon.server.DaemonStateCoordinator] Daemon is busy, sleeping until state changes.
16:42:59.485 [DEBUG] [org.gradle.launcher.daemon.server.DaemonStateCoordinator] Command execution: finished waiting for DaemonCommandExecution[command = Build{id=f44f9c2c-4768-4646-98cc-2a6c0ca72d50.1, currentDir=/home/mathias/IdeaProjects/TicTacToe2}, connection = org.gradle.launcher.daemon.server.DefaultDaemonConnection@582417e8]. Result org.gradle.launcher.daemon.server.DaemonStateCoordinator@507d4346 with state Running
16:42:59.486 [DEBUG] [org.gradle.launcher.daemon.server.DaemonStateCoordinator] Command execution: completed DaemonCommandExecution[command = Build{id=f44f9c2c-4768-4646-98cc-2a6c0ca72d50.1, currentDir=/home/mathias/IdeaProjects/TicTacToe2}, connection = org.gradle.launcher.daemon.server.DefaultDaemonConnection@582417e8]
16:42:59.487 [DEBUG] [org.gradle.launcher.daemon.server.DaemonStateCoordinator] updating lastActivityAt to 1420990979486
16:42:59.488 [INFO] [org.gradle.launcher.daemon.server.DomainRegistryUpdater] Marking the daemon as idle, address: [9e4f5842-7912-4d58-ad0e-2e9b0f3f3dfd port:46189, addresses:[/0:0:0:0:0:0:0:1%lo, /127.0.0.1]]
16:42:59.488 [DEBUG] [org.gradle.launcher.daemon.registry.PersistentDaemonRegistry] Marking idle by address: [9e4f5842-7912-4d58-ad0e-2e9b0f3f3dfd port:46189, addresses:[/0:0:0:0:0:0:0:1%lo, /127.0.0.1]]
16:42:59.494 [DEBUG] [org.gradle.cache.internal.DefaultFileLockManager] Waiting to acquire exclusive lock on daemon addresses registry.
16:42:59.516 [DEBUG] [org.gradle.cache.internal.DefaultFileLockManager] Lock acquired.
16:42:59.528 [DEBUG] [org.gradle.cache.internal.DefaultFileLockManager] Releasing lock on daemon addresses registry.
16:42:59.534 [DEBUG] [org.gradle.launcher.daemon.server.DaemonStateCoordinator] Daemon is idle, sleeping until state change or idle timeout at Sun Jan 11 19:42:59 CET 2015
16:42:59.535 [DEBUG] [org.gradle.launcher.daemon.server.exec.ReturnResult] Daemon is dispatching the build result: DaemonCommandResult[type=Success, value=org.gradle.tooling.internal.provider.BuildActionResult@27918a49]
16:42:59.539 [DEBUG] [org.gradle.launcher.daemon.server.SynchronizedDispatchConnection] thread 13: dispatching class org.gradle.launcher.daemon.protocol.Success
16:42:59.566 [DEBUG] [org.gradle.launcher.daemon.server.DefaultIncomingConnectionHandler] Finishing executing command: Build{id=f44f9c2c-4768-4646-98cc-2a6c0ca72d50.1, currentDir=/home/mathias/IdeaProjects/TicTacToe2}
16:42:59.688 [DEBUG] [org.gradle.launcher.daemon.server.SynchronizedDispatchConnection] thread 14: received class org.gradle.launcher.daemon.protocol.Finished
16:42:59.689 [DEBUG] [org.gradle.launcher.daemon.server.DefaultDaemonConnection] Received non-IO message from client: org.gradle.launcher.daemon.protocol.Finished@780f7509
16:42:59.698 [DEBUG] [org.gradle.launcher.daemon.server.DefaultIncomingConnectionHandler] Received finished message: org.gradle.launcher.daemon.protocol.Finished@780f7509
16:42:59.699 [DEBUG] [org.gradle.launcher.daemon.server.SynchronizedDispatchConnection] thread 13: stopping connection
16:42:59.702 [DEBUG] [org.gradle.launcher.daemon.server.SynchronizedDispatchConnection] thread 14: received null
16:42:59.702 [DEBUG] [org.gradle.launcher.daemon.server.DefaultDaemonConnection] Received end-of-input from client.
16:42:59.705 [DEBUG] [org.gradle.launcher.daemon.server.SynchronizedDispatchConnection] thread 13: stopping connection
16:46:55.909 [DEBUG] [org.gradle.messaging.remote.internal.inet.TcpIncomingConnector] Accepted connection from /127.0.0.1:47141 to /127.0.0.1:46189.
16:46:55.971 [DEBUG] [org.gradle.launcher.daemon.server.SynchronizedDispatchConnection] thread 21: received class org.gradle.launcher.daemon.protocol.Build
16:46:55.971 [DEBUG] [org.gradle.launcher.daemon.server.DefaultDaemonConnection] Received non-IO message from client: Build{id=aa67c138-78c6-422b-9d9c-a80c3729f2de.1, currentDir=/home/mathias/IdeaProjects/TicTacToe2}
16:46:55.972 [INFO] [org.gradle.launcher.daemon.server.DefaultIncomingConnectionHandler] Received command: Build{id=aa67c138-78c6-422b-9d9c-a80c3729f2de.1, currentDir=/home/mathias/IdeaProjects/TicTacToe2}.
16:46:55.972 [DEBUG] [org.gradle.launcher.daemon.server.DefaultIncomingConnectionHandler] Starting executing command: Build{id=aa67c138-78c6-422b-9d9c-a80c3729f2de.1, currentDir=/home/mathias/IdeaProjects/TicTacToe2} with connection: socket connection from /127.0.0.1:46189 to /127.0.0.1:47141.
16:46:55.986 [DEBUG] [org.gradle.launcher.daemon.server.DaemonStateCoordinator] Command execution: started DaemonCommandExecution[command = Build{id=aa67c138-78c6-422b-9d9c-a80c3729f2de.1, currentDir=/home/mathias/IdeaProjects/TicTacToe2}, connection = org.gradle.launcher.daemon.server.DefaultDaemonConnection@609e16b] after 3.0 minutes of idle
16:46:55.987 [INFO] [org.gradle.launcher.daemon.server.DomainRegistryUpdater] Marking the daemon as busy, address: [9e4f5842-7912-4d58-ad0e-2e9b0f3f3dfd port:46189, addresses:[/0:0:0:0:0:0:0:1%lo, /127.0.0.1]]
16:46:55.987 [DEBUG] [org.gradle.launcher.daemon.registry.PersistentDaemonRegistry] Marking busy by address: [9e4f5842-7912-4d58-ad0e-2e9b0f3f3dfd port:46189, addresses:[/0:0:0:0:0:0:0:1%lo, /127.0.0.1]]
16:46:55.987 [DEBUG] [org.gradle.cache.internal.DefaultFileLockManager] Waiting to acquire exclusive lock on daemon addresses registry.
16:46:55.990 [DEBUG] [org.gradle.cache.internal.DefaultFileLockManager] Lock acquired.
16:46:55.993 [DEBUG] [org.gradle.cache.internal.DefaultFileLockManager] Releasing lock on daemon addresses registry.
16:46:55.993 [DEBUG] [org.gradle.launcher.daemon.server.DaemonStateCoordinator] updating lastActivityAt to 1420991215993
16:46:55.994 [DEBUG] [org.gradle.launcher.daemon.server.DaemonStateCoordinator] Daemon is busy, sleeping until state changes.
16:46:56.000 [INFO] [org.gradle.launcher.daemon.server.exec.StartBuildOrRespondWithBusy] Daemon is about to start building Build{id=aa67c138-78c6-422b-9d9c-a80c3729f2de.1, currentDir=/home/mathias/IdeaProjects/TicTacToe2}. Dispatching build started information...
16:46:56.001 [DEBUG] [org.gradle.launcher.daemon.server.SynchronizedDispatchConnection] thread 23: dispatching class org.gradle.launcher.daemon.protocol.BuildStarted
16:46:56.002 [DEBUG] [org.gradle.launcher.daemon.server.exec.EstablishBuildEnvironment] Configuring env variables: {PATH=/usr/local/sbin:/usr/local/bin:/usr/sbin:/usr/bin:/sbin:/bin:/usr/games:/usr/local/games:$GRADLE_HOME/bin:/usr/lib/jvm/java-8-oracle/bin:/usr/lib/jvm/java-8-oracle/db/bin:/usr/lib/jvm/java-8-oracle/jre/bin, LC_MEASUREMENT=de_DE.UTF-8, XAUTHORITY=/home/mathias/.Xauthority, LC_TELEPHONE=de_DE.UTF-8, XDG_DATA_DIRS=/usr/share/default:/usr/share/gnome:/usr/local/share/:/usr/share/:/usr/share/mdm/, GDMSESSION=default, MANDATORY_PATH=/usr/share/gconf/default.mandatory.path, LC_TIME=de_DE.UTF-8, TEXTDOMAINDIR=/usr/share/locale/, DBUS_SESSION_BUS_ADDRESS=unix:abstract=/tmp/dbus-hFlq5E3GkC,guid=13f4d2ce0e99733511ea104d54b28efd, DEFAULTS_PATH=/usr/share/gconf/default.default.path, XDG_CURRENT_DESKTOP=X-Cinnamon, SSH_AGENT_PID=2290, LD_LIBRARY_PATH=/home/mathias/Programs/intellij/bin:, LC_PAPER=de_DE.UTF-8, SESSION_MANAGER=local/mint-vm:@/tmp/.ICE-unix/2148,unix/mint-vm:/tmp/.ICE-unix/2148, USERNAME=mathias, LOGNAME=mathias, PWD=/home/mathias, DERBY_HOME=/usr/lib/jvm/java-8-oracle/db, GJS_DEBUG_TOPICS=JS ERROR;JS LOG, SHELL=/bin/bash, LC_ADDRESS=de_DE.UTF-8, GIO_LAUNCHED_DESKTOP_FILE=/home/mathias/.local/share/applications/jetbrains-idea-ce.desktop, J2SDKDIR=/usr/lib/jvm/java-8-oracle, GNOME_DESKTOP_SESSION_ID=this-is-deprecated, J2REDIR=/usr/lib/jvm/java-8-oracle/jre, TEXTDOMAIN=im-config, XDG_SESSION_COOKIE=55586f3eed56bd0cf9b1aeab54763d52-1420988156.769861-867606541, MDMSESSION=default, XDG_SESSION_DESKTOP=default, LC_IDENTIFICATION=de_DE.UTF-8, LC_MONETARY=de_DE.UTF-8, JAVA_HOME=/usr/lib/jvm/java-8-oracle, XFILESEARCHPATH=/usr/dt/app-defaults/%L/Dt, XDG_CONFIG_DIRS=/etc/xdg/xdg-default:/etc/xdg, LANG=en_US.UTF-8, GNOME_KEYRING_CONTROL=/run/user/1000/keyring-KdxS7T, XDG_SESSION_ID=c1, GRADLE_HOME=/opt/gradle/gradle-2.2.1, DISPLAY=:0, MDM_LANG=en_US.UTF-8, CINNAMON_VERSION=2.4.5, LC_NAME=de_DE.UTF-8, GDM_XSERVER_LOCATION=local, GPG_AGENT_INFO=/run/user/1000/keyring-KdxS7T/gpg:0:1, DESKTOP_SESSION=default, USER=mathias, CLASSPATH=/home/mathias/Programs/intellij/bin/../lib/bootstrap.jar:/home/mathias/Programs/intellij/bin/../lib/extensions.jar:/home/mathias/Programs/intellij/bin/../lib/util.jar:/home/mathias/Programs/intellij/bin/../lib/jdom.jar:/home/mathias/Programs/intellij/bin/../lib/log4j.jar:/home/mathias/Programs/intellij/bin/../lib/trove4j.jar:/home/mathias/Programs/intellij/bin/../lib/jna.jar:/usr/lib/jvm/java-8-oracle/lib/tools.jar, GIO_LAUNCHED_DESKTOP_FILE_PID=5831, WINDOWPATH=8, LC_NUMERIC=de_DE.UTF-8, GJS_DEBUG_OUTPUT=stderr, MDM_XSERVER_LOCATION=local, SSH_AUTH_SOCK=/run/user/1000/keyring-KdxS7T/ssh, XDG_SEAT=seat0, NLSPATH=/usr/dt/lib/nls/msg/%L/%N.cat, XDG_VTNR=8, XDG_RUNTIME_DIR=/run/user/1000, HOME=/home/mathias, GNOME_KEYRING_PID=2072}
16:46:56.017 [INFO] [org.gradle.launcher.daemon.server.exec.LogToClient] About to start relaying all logs to the client via the connection.
16:46:56.017 [INFO] [org.gradle.launcher.daemon.server.exec.LogToClient] The client will now receive all logging from the daemon (pid: 5609). The daemon log file: /home/mathias/Projects/java/TicTacToe/daemon/2.2.1/daemon-5609.out.log
16:46:56.022 [DEBUG] [org.gradle.launcher.daemon.server.exec.ExecuteBuild] The daemon has started executing the build.
16:46:56.026 [INFO] [org.gradle.launcher.daemon.server.exec.ExecuteBuild] Executing build with daemon context: DefaultDaemonContext[uid=d5386ed2-4f35-458c-b569-b34f23f1fa00,javaHome=/usr/lib/jvm/java-8-oracle,daemonRegistryDir=/home/mathias/Projects/java/TicTacToe/daemon,pid=5609,idleTimeout=10800000,daemonOpts=-XX:MaxPermSize=256m,-XX:+HeapDumpOnOutOfMemoryError,-Xmx1024m,-Dfile.encoding=UTF-8,-Duser.country=US,-Duser.language=en,-Duser.variant]
16:46:56.085 [DEBUG] [org.gradle.launcher.daemon.server.SynchronizedDispatchConnection] thread 21: received class org.gradle.launcher.daemon.protocol.CloseInput
16:46:56.085 [DEBUG] [org.gradle.launcher.daemon.server.DefaultDaemonConnection] Received IO message from client: CloseInput[id=aa67c138-78c6-422b-9d9c-a80c3729f2de.2]
16:46:56.086 [INFO] [org.gradle.launcher.daemon.server.exec.ForwardClientInput] Closing daemon's stdin at end of input.
16:46:56.087 [INFO] [org.gradle.launcher.daemon.server.exec.ForwardClientInput] The daemon will no longer process any standard input.
16:46:56.101 [INFO] [org.gradle.tooling.internal.provider.DefaultPayloadClassLoaderRegistry] Creating ClassLoader 16f1cae9-d929-459c-8954-96c78a358d8c from [Spec classpath:[file:/home/mathias/Programs/intellij/plugins/gradle/lib/gradle-tooling-api-2.1.jar, file:/home/mathias/Programs/intellij/plugins/gradle/lib/guava-jdk5-17.0.jar, file:/home/mathias/Programs/intellij/plugins/gradle/lib/gradle-base-services-2.1.jar, file:/home/mathias/Programs/intellij/plugins/gradle/lib/gradle-tooling-extension-api.jar, file:/home/mathias/Programs/intellij/lib/openapi.jar, file:/home/mathias/Programs/intellij/plugins/android/lib/builder-model-0.14.0.jar]] and [org.gradle.internal.classloader.FilteringClassLoader@29ba0fb3].
16:46:56.110 [DEBUG] [org.gradle.cache.internal.DefaultFileLockManager] Waiting to acquire exclusive lock on jars (/home/mathias/Projects/java/TicTacToe/caches/jars-1).
16:46:56.114 [DEBUG] [org.gradle.cache.internal.DefaultFileLockManager] Lock acquired.

BUILD SUCCESSFUL

Total time: 5.288 secs
16:46:57.874 [DEBUG] [org.gradle.cache.internal.DefaultFileLockManager] Releasing lock on jars (/home/mathias/Projects/java/TicTacToe/caches/jars-1).
16:46:57.875 [DEBUG] [org.gradle.cache.internal.btree.BTreePersistentIndexedCache] Closing cache module-metadata.bin (/home/mathias/Projects/java/TicTacToe/caches/modules-2/metadata-2.14/module-metadata.bin)
16:46:57.877 [DEBUG] [org.gradle.cache.internal.btree.BTreePersistentIndexedCache] Closing cache module-artifacts.bin (/home/mathias/Projects/java/TicTacToe/caches/modules-2/metadata-2.14/module-artifacts.bin)
16:46:57.877 [DEBUG] [org.gradle.cache.internal.btree.BTreePersistentIndexedCache] Closing cache artifact-at-repository.bin (/home/mathias/Projects/java/TicTacToe/caches/modules-2/metadata-2.14/artifact-at-repository.bin)
16:46:57.878 [DEBUG] [org.gradle.cache.internal.DefaultFileLockManager] Releasing lock on artifact cache (/home/mathias/Projects/java/TicTacToe/caches/modules-2).
16:46:57.889 [DEBUG] [org.gradle.cache.internal.DefaultCacheAccess] Cache Plugin Resolution Cache (/home/mathias/Projects/java/TicTacToe/caches/2.2.1/plugin-resolution) was closed 0 times.
16:46:57.890 [DEBUG] [org.gradle.cache.internal.DefaultFileLockManager] Releasing lock on initscript class cache for initialization script '/tmp/ijinit0.gradle' (/home/mathias/Projects/java/TicTacToe/caches/2.2.1/scripts/ijinit0_3nre7zfn226zlcyg02qtci0hy/InitScript/initscript).
16:46:57.890 [DEBUG] [org.gradle.cache.internal.DefaultFileLockManager] Releasing lock on no_initscript class cache for initialization script '/tmp/ijinit0.gradle' (/home/mathias/Projects/java/TicTacToe/caches/2.2.1/scripts/ijinit0_3nre7zfn226zlcyg02qtci0hy/InitScript/no_initscript).
16:46:57.891 [DEBUG] [org.gradle.cache.internal.DefaultFileLockManager] Releasing lock on buildscript class cache for settings file '/home/mathias/IdeaProjects/TicTacToe2/settings.gradle' (/home/mathias/Projects/java/TicTacToe/caches/2.2.1/scripts/settings_6wdc31j4qb3jrzjz2p15hucfa/SettingsScript/buildscript).
16:46:57.891 [DEBUG] [org.gradle.cache.internal.DefaultFileLockManager] Releasing lock on no_buildscript class cache for settings file '/home/mathias/IdeaProjects/TicTacToe2/settings.gradle' (/home/mathias/Projects/java/TicTacToe/caches/2.2.1/scripts/settings_6wdc31j4qb3jrzjz2p15hucfa/SettingsScript/no_buildscript).
16:46:57.892 [DEBUG] [org.gradle.cache.internal.DefaultFileLockManager] Releasing lock on buildscript class cache for build file '/home/mathias/IdeaProjects/TicTacToe2/build.gradle' (/home/mathias/Projects/java/TicTacToe/caches/2.2.1/scripts/build_4hwznhrrf3e1jzpc30jkl9fsk/ProjectScript/buildscript).
16:46:57.892 [DEBUG] [org.gradle.cache.internal.DefaultFileLockManager] Releasing lock on no_buildscript class cache for build file '/home/mathias/IdeaProjects/TicTacToe2/build.gradle' (/home/mathias/Projects/java/TicTacToe/caches/2.2.1/scripts/build_4hwznhrrf3e1jzpc30jkl9fsk/ProjectScript/no_buildscript).
16:46:57.892 [DEBUG] [org.gradle.api.internal.tasks.compile.daemon.CompilerDaemonManager] Stopping 0 compiler daemon(s).
16:46:57.893 [INFO] [org.gradle.api.internal.tasks.compile.daemon.CompilerDaemonManager] Stopped 0 compiler daemon(s).
16:46:57.893 [DEBUG] [org.gradle.api.internal.artifacts.ivyservice.ivyresolve.memcache.InMemoryCachedRepositoryFactory] In-memory dependency metadata cache closed. Repos cached: 26, cache instances: 2, modules served from cache: 42, artifacts: 18
16:46:57.901 [DEBUG] [org.gradle.api.internal.artifacts.ivyservice.resolveengine.store.CachedStoreFactory] Resolution result cache closed. Cache reads: 20, disk reads: 4 (avg: 0.0 secs, total: 0.002 secs)
16:46:57.902 [DEBUG] [org.gradle.api.internal.artifacts.ivyservice.resolveengine.store.CachedStoreFactory] Resolved configuration cache closed. Cache reads: 0, disk reads: 0 (avg: 0.0 secs, total: 0.0 secs)
16:46:57.902 [DEBUG] [org.gradle.api.internal.artifacts.ivyservice.resolveengine.store.ResolutionResultsStoreFactory] Deleted 2 resolution results binary files in 0.001 secs
16:46:57.903 [DEBUG] [org.gradle.launcher.daemon.server.exec.ExecuteBuild] The daemon has finished executing the build.
16:46:58.308 [DEBUG] [org.gradle.launcher.daemon.server.DaemonStateCoordinator] Daemon is busy, sleeping until state changes.
16:46:58.309 [DEBUG] [org.gradle.launcher.daemon.server.DaemonStateCoordinator] Command execution: finished waiting for DaemonCommandExecution[command = Build{id=aa67c138-78c6-422b-9d9c-a80c3729f2de.1, currentDir=/home/mathias/IdeaProjects/TicTacToe2}, connection = org.gradle.launcher.daemon.server.DefaultDaemonConnection@609e16b]. Result org.gradle.launcher.daemon.server.DaemonStateCoordinator@507d4346 with state Running
16:46:58.310 [DEBUG] [org.gradle.launcher.daemon.server.DaemonStateCoordinator] Command execution: completed DaemonCommandExecution[command = Build{id=aa67c138-78c6-422b-9d9c-a80c3729f2de.1, currentDir=/home/mathias/IdeaProjects/TicTacToe2}, connection = org.gradle.launcher.daemon.server.DefaultDaemonConnection@609e16b]
16:46:58.310 [DEBUG] [org.gradle.launcher.daemon.server.DaemonStateCoordinator] updating lastActivityAt to 1420991218310
16:46:58.310 [INFO] [org.gradle.launcher.daemon.server.DomainRegistryUpdater] Marking the daemon as idle, address: [9e4f5842-7912-4d58-ad0e-2e9b0f3f3dfd port:46189, addresses:[/0:0:0:0:0:0:0:1%lo, /127.0.0.1]]
16:46:58.311 [DEBUG] [org.gradle.launcher.daemon.registry.PersistentDaemonRegistry] Marking idle by address: [9e4f5842-7912-4d58-ad0e-2e9b0f3f3dfd port:46189, addresses:[/0:0:0:0:0:0:0:1%lo, /127.0.0.1]]
16:46:58.311 [DEBUG] [org.gradle.cache.internal.DefaultFileLockManager] Waiting to acquire exclusive lock on daemon addresses registry.
16:46:58.312 [DEBUG] [org.gradle.cache.internal.DefaultFileLockManager] Lock acquired.
16:46:58.315 [DEBUG] [org.gradle.cache.internal.DefaultFileLockManager] Releasing lock on daemon addresses registry.
16:46:58.319 [DEBUG] [org.gradle.launcher.daemon.server.DaemonStateCoordinator] Daemon is idle, sleeping until state change or idle timeout at Sun Jan 11 19:46:58 CET 2015
16:46:58.322 [DEBUG] [org.gradle.launcher.daemon.server.exec.ReturnResult] Daemon is dispatching the build result: DaemonCommandResult[type=Success, value=org.gradle.tooling.internal.provider.BuildActionResult@494c7931]
16:46:58.323 [DEBUG] [org.gradle.launcher.daemon.server.SynchronizedDispatchConnection] thread 20: dispatching class org.gradle.launcher.daemon.protocol.Success
16:46:58.355 [DEBUG] [org.gradle.launcher.daemon.server.DefaultIncomingConnectionHandler] Finishing executing command: Build{id=aa67c138-78c6-422b-9d9c-a80c3729f2de.1, currentDir=/home/mathias/IdeaProjects/TicTacToe2}
16:46:58.373 [DEBUG] [org.gradle.launcher.daemon.server.SynchronizedDispatchConnection] thread 21: received class org.gradle.launcher.daemon.protocol.Finished
16:46:58.374 [DEBUG] [org.gradle.launcher.daemon.server.DefaultDaemonConnection] Received non-IO message from client: org.gradle.launcher.daemon.protocol.Finished@2ea87d3c
16:46:58.374 [DEBUG] [org.gradle.launcher.daemon.server.DefaultIncomingConnectionHandler] Received finished message: org.gradle.launcher.daemon.protocol.Finished@2ea87d3c
16:46:58.374 [DEBUG] [org.gradle.launcher.daemon.server.SynchronizedDispatchConnection] thread 20: stopping connection
16:46:58.375 [DEBUG] [org.gradle.launcher.daemon.server.SynchronizedDispatchConnection] thread 21: received null
16:46:58.375 [DEBUG] [org.gradle.launcher.daemon.server.DefaultDaemonConnection] Received end-of-input from client.
16:46:58.379 [DEBUG] [org.gradle.launcher.daemon.server.SynchronizedDispatchConnection] thread 20: stopping connection
